<?xml version="1.0" encoding="UTF-8"?>
<!-- Generated by org.testng.reporters.JUnitReportReporter -->
<testsuite hostname="LAPTOP-OITAHU7F" failures="0" tests="3" name="TestCases.EditCustomerTest" time="31.804" errors="0" timestamp="2022-05-23T09:02:10 IST" skipped="0">
  <testcase classname="TestCases.EditCustomerTest" name="validatePageTitleTest" time="10.935"/>
  <system-out/>
  <testcase classname="TestCases.EditCustomerTest" name="verifyBasicElementsTest" time="11.226"/>
  <system-out/>
  <testcase classname="TestCases.EditCustomerTest" name="veripyPageHeaderTest" time="9.643"/>
  <system-out/>
</testsuite> <!-- TestCases.EditCustomerTest -->
