<?xml version="1.0" encoding="UTF-8"?>
<!-- Generated by org.testng.reporters.JUnitReportReporter -->
<testsuite hostname="LAPTOP-OITAHU7F" failures="0" tests="3" name="TestCases.ManagetHomeTest" time="25.067" errors="0" timestamp="2022-05-18T08:55:33 IST" skipped="0">
  <testcase classname="TestCases.ManagetHomeTest" name="validteNewCustomerIsDisplayTest" time="8.248"/>
  <system-out/>
  <testcase classname="TestCases.ManagetHomeTest" name="validateManagerId" time="8.683"/>
  <system-out/>
  <testcase classname="TestCases.ManagetHomeTest" name="validatePageHeaderTest" time="8.136"/>
  <system-out/>
</testsuite> <!-- TestCases.ManagetHomeTest -->
