<?xml version="1.0" encoding="UTF-8"?>
<!-- Generated by org.testng.reporters.JUnitReportReporter -->
<testsuite hostname="LAPTOP-OITAHU7F" failures="0" tests="4" name="TestCases.HomeTest" time="28.758" errors="0" timestamp="2022-05-23T09:02:10 IST" skipped="0">
  <testcase classname="TestCases.HomeTest" name="verifyLoginWithValidCredentials" time="10.211"/>
  <system-out/>
  <testcase classname="TestCases.HomeTest" name="verifyBasicElementsTest" time="8.083"/>
  <system-out/>
  <testcase classname="TestCases.HomeTest" name="verifyLoginPageTitleTest" time="5.348"/>
  <system-out/>
  <testcase classname="TestCases.HomeTest" name="verifyLoginPageHeaderTest" time="5.116"/>
  <system-out/>
</testsuite> <!-- TestCases.HomeTest -->
