<?xml version="1.0" encoding="UTF-8"?>
<!-- Generated by org.testng.reporters.JUnitReportReporter -->
<testsuite hostname="LAPTOP-OITAHU7F" failures="0" tests="3" name="TestCases.ManagerHomeTest" time="27.636" errors="0" timestamp="2022-05-23T09:02:10 IST" skipped="0">
  <testcase classname="TestCases.ManagerHomeTest" name="validateManagerId" time="9.697"/>
  <system-out/>
  <testcase classname="TestCases.ManagerHomeTest" name="validatePageHeaderTest" time="6.480"/>
  <system-out/>
  <testcase classname="TestCases.ManagerHomeTest" name="validteNewCustomerIsDisplayTest" time="11.459"/>
  <system-out/>
</testsuite> <!-- TestCases.ManagerHomeTest -->
