<?xml version="1.0" encoding="UTF-8"?>
<!-- Generated by org.testng.reporters.JUnitReportReporter -->
<testsuite hostname="LAPTOP-OITAHU7F" failures="0" tests="3" name="TestCases.NewCustomerTest" time="33.808" errors="0" timestamp="2022-05-23T09:02:10 IST" skipped="0">
  <testcase classname="TestCases.NewCustomerTest" name="validateNewCustomerPageTitle" time="10.960"/>
  <system-out/>
  <testcase classname="TestCases.NewCustomerTest" name="validateNewCustomerRegistrationTest" time="12.789"/>
  <system-out/>
  <testcase classname="TestCases.NewCustomerTest" name="validateNewCustomerRegistrationTest" time="10.059"/>
  <system-out/>
</testsuite> <!-- TestCases.NewCustomerTest -->
